[30.11.25 09:23:09] info: Program: Starting Squirrel Updater: --processStartAndWait libremon.exe
[30.11.25 09:23:09] info: Program: Want to launch 'C:\Users\dave\AppData\Local\libremon\app-1.1.4\libremon.exe'
[30.11.25 09:23:09] info: Program: About to wait for parent PID 34072
[30.11.25 09:23:09] info: Program: About to launch: 'C:\Users\dave\AppData\Local\libremon\app-1.1.4\libremon.exe': 
[30.11.25 09:23:10] info: Program: Finished Squirrel Updater
[30.11.25 09:32:52] info: Program: Starting Squirrel Updater: --processStartAndWait libremon.exe
[30.11.25 09:32:52] info: Program: Want to launch 'C:\Users\dave\AppData\Local\libremon\app-1.1.5\libremon.exe'
[30.11.25 09:32:52] info: Program: About to wait for parent PID 31020
[30.11.25 09:32:52] info: Program: About to launch: 'C:\Users\dave\AppData\Local\libremon\app-1.1.5\libremon.exe': 
[30.11.25 09:32:52] info: Program: Finished Squirrel Updater
[30.11.25 09:39:49] info: Program: Starting Squirrel Updater: --processStartAndWait libremon.exe
[30.11.25 09:39:49] info: Program: Want to launch 'C:\Users\dave\AppData\Local\libremon\app-1.1.6\libremon.exe'
[30.11.25 09:39:49] info: Program: About to wait for parent PID 11004
[30.11.25 09:39:49] info: Program: About to launch: 'C:\Users\dave\AppData\Local\libremon\app-1.1.6\libremon.exe': 
[30.11.25 09:39:49] info: Program: Finished Squirrel Updater
[30.11.25 09:46:54] info: Program: Starting Squirrel Updater: --processStartAndWait libremon.exe
[30.11.25 09:46:54] info: Program: Want to launch 'C:\Users\dave\AppData\Local\libremon\app-1.1.7\libremon.exe'
[30.11.25 09:46:54] info: Program: About to wait for parent PID 31740
[30.11.25 09:46:54] info: Program: About to launch: 'C:\Users\dave\AppData\Local\libremon\app-1.1.7\libremon.exe': 
[30.11.25 09:46:54] info: Program: Finished Squirrel Updater
